#
# There is insufficient memory for the Java Runtime Environment to continue.
# Native memory allocation (malloc) failed to allocate 169616 bytes for Chunk::new
# Possible reasons:
#   The system is out of physical RAM or swap space
#   The process is running with CompressedOops enabled, and the Java Heap may be blocking the growth of the native heap
# Possible solutions:
#   Reduce memory load on the system
#   Increase physical memory or swap space
#   Check if swap backing store is full
#   Decrease Java heap size (-Xmx/-Xms)
#   Decrease number of Java threads
#   Decrease Java thread stack sizes (-Xss)
#   Set larger code cache with -XX:ReservedCodeCacheSize=
#   JVM is running with Unscaled Compressed Oops mode in which the Java heap is
#     placed in the first 4GB address space. The Java Heap base address is the
#     maximum limit for the native heap growth. Please use -XX:HeapBaseMinAddress
#     to set the Java Heap base and to place the Java Heap above 4GB virtual address.
# This output file may be truncated or incomplete.
#
#  Out of Memory Error (allocation.cpp:389), pid=28080, tid=0x0000000000002224
#
# JRE version: Java(TM) SE Runtime Environment (8.0_202-b08) (build 1.8.0_202-b08)
# Java VM: Java HotSpot(TM) 64-Bit Server VM (25.202-b08 mixed mode windows-amd64 compressed oops)
# Failed to write core dump. Minidumps are not enabled by default on client versions of Windows
#

---------------  T H R E A D  ---------------

Current thread (0x0000000019837000):  JavaThread "C2 CompilerThread1" daemon [_thread_in_native, id=8740, stack(0x000000001a280000,0x000000001a380000)]

Stack: [0x000000001a280000,0x000000001a380000]
[error occurred during error reporting (printing stack bounds), id 0xc0000005]

Native frames: (J=compiled Java code, j=interpreted, Vv=VM code, C=native code)


Current CompileTask:
C2:  26316 3546       4       java.util.regex.Matcher::replaceAll (59 bytes)


---------------  P R O C E S S  ---------------

Java Threads: ( => current thread )
  0x0000000019eb9000 JavaThread "Okio Watchdog" daemon [_thread_blocked, id=12908, stack(0x000000001e470000,0x000000001e570000)]
  0x0000000019ebc000 JavaThread "OkHttp ConnectionPool" daemon [_thread_blocked, id=17420, stack(0x000000001e370000,0x000000001e470000)]
  0x000000001aeab000 JavaThread "Exec Stream Pumper" daemon [_thread_in_native, id=14876, stack(0x000000001e070000,0x000000001e170000)]
  0x000000001b463000 JavaThread "Exec Stream Pumper" daemon [_thread_in_native, id=17084, stack(0x000000001df70000,0x000000001e070000)]
  0x000000001b462000 JavaThread "UrlChecker-2" daemon [_thread_blocked, id=27360, stack(0x000000001dd70000,0x000000001de70000)]
  0x000000001af71800 JavaThread "Exec Default Executor" daemon [_thread_in_native, id=28424, stack(0x000000001dc70000,0x000000001dd70000)]
  0x000000001b014000 JavaThread "Forwarding isElementDisplayed on session d2fa264687514aa7e691e364ad661c33 to remote" [_thread_in_native, id=24124, stack(0x000000001c190000,0x000000001c290000)]
  0x000000001abd8800 JavaThread "TestNG" [_thread_blocked, id=24964, stack(0x000000001be90000,0x000000001bf90000)]
  0x00000000199d0000 JavaThread "Service Thread" daemon [_thread_blocked, id=12112, stack(0x000000001a480000,0x000000001a580000)]
  0x0000000019973000 JavaThread "C1 CompilerThread2" daemon [_thread_blocked, id=10784, stack(0x000000001a380000,0x000000001a480000)]
=>0x0000000019837000 JavaThread "C2 CompilerThread1" daemon [_thread_in_native, id=8740, stack(0x000000001a280000,0x000000001a380000)]
  0x000000001986b800 JavaThread "C2 CompilerThread0" daemon [_thread_in_native, id=15892, stack(0x000000001a180000,0x000000001a280000)]
  0x0000000019810800 JavaThread "Monitor Ctrl-Break" daemon [_thread_in_native, id=27060, stack(0x000000001a080000,0x000000001a180000)]
  0x0000000017e21800 JavaThread "Attach Listener" daemon [_thread_blocked, id=3172, stack(0x0000000019380000,0x0000000019480000)]
  0x0000000017e1e800 JavaThread "Signal Dispatcher" daemon [_thread_blocked, id=26076, stack(0x0000000019280000,0x0000000019380000)]
  0x00000000032ea000 JavaThread "Finalizer" daemon [_thread_blocked, id=28472, stack(0x0000000019080000,0x0000000019180000)]
  0x00000000032e7000 JavaThread "Reference Handler" daemon [_thread_blocked, id=9884, stack(0x0000000018f80000,0x0000000019080000)]
  0x00000000031f7000 JavaThread "main" [_thread_blocked, id=27200, stack(0x0000000002ff0000,0x00000000030f0000)]

Other Threads:
  0x0000000017dd7800 VMThread [stack: 0x0000000018e80000,0x0000000018f80000] [id=11716]
  0x0000000019a47800 WatcherThread [stack: 0x000000001a580000,0x000000001a680000] [id=10604]

VM state:not at safepoint (normal execution)

VM Mutex/Monitor currently owned by a thread: None

heap address: 0x0000000081e00000, size: 2018 MB, Compressed Oops mode: 32-bit
Narrow klass base: 0x0000000000000000, Narrow klass shift: 3
Compressed class space size: 1073741824 Address: 0x0000000100000000

Heap:
 PSYoungGen      total 62976K, used 19828K [0x00000000d5f80000, 0x00000000dba80000, 0x0000000100000000)
  eden space 53760K, 33% used [0x00000000d5f80000,0x00000000d7128d98,0x00000000d9400000)
  from space 9216K, 18% used [0x00000000d9400000,0x00000000d95b4490,0x00000000d9d00000)
  to   space 11264K, 0% used [0x00000000daf80000,0x00000000daf80000,0x00000000dba80000)
 ParOldGen       total 55808K, used 12725K [0x0000000081e00000, 0x0000000085480000, 0x00000000d5f80000)
  object space 55808K, 22% used [0x0000000081e00000,0x0000000082a6d730,0x0000000085480000)
 Metaspace       used 34901K, capacity 36274K, committed 36568K, reserved 1081344K
  class space    used 4197K, capacity 4509K, committed 4608K, reserved 1048576K

Card table byte_map: [0x00000000126b0000,0x0000000012ab0000] byte_map_base: 0x00000000122a1000

Marking Bits: (ParMarkBitMap*) 0x00000000514d5ce0
 Begin Bits: [0x0000000013160000, 0x00000000150e8000)
 End Bits:   [0x00000000150e8000, 0x0000000017070000)

Polling page: 0x00000000015e0000

CodeCache: size=245760Kb used=10962Kb max_used=11510Kb free=234797Kb
 bounds [0x00000000032f0000, 0x0000000003e40000, 0x00000000122f0000]
 total_blobs=3807 nmethods=3321 adapters=397
 compilation: enabled

Compilation events (10 events):
Event: 26.293 Thread 0x000000001986b800 3545       4       java.util.Arrays::binarySearch0 (72 bytes)
Event: 26.294 Thread 0x000000001986b800 nmethod 3545 0x000000000354d910 code [0x000000000354da40, 0x000000000354db18]
Event: 26.295 Thread 0x0000000019837000 3546       4       java.util.regex.Matcher::replaceAll (59 bytes)
Event: 26.296 Thread 0x000000001986b800 3547       4       java.lang.AbstractStringBuilder::append (144 bytes)
Event: 26.299 Thread 0x0000000019973000 3548       3       org.openqa.selenium.json.JsonOutput::name (60 bytes)
Event: 26.300 Thread 0x0000000019973000 nmethod 3548 0x00000000037c3c50 code [0x00000000037c3e80, 0x00000000037c4a48]
Event: 26.300 Thread 0x0000000019973000 3549       3       org.openqa.selenium.json.JsonOutput$JsonObject::name (66 bytes)
Event: 26.301 Thread 0x0000000019973000 nmethod 3549 0x00000000034aaa90 code [0x00000000034aaca0, 0x00000000034ab6a8]
Event: 26.301 Thread 0x0000000019973000 3550       3       org.openqa.selenium.json.JsonOutput::access$700 (6 bytes)
Event: 26.301 Thread 0x0000000019973000 nmethod 3550 0x0000000003471450 code [0x00000000034715c0, 0x0000000003471728]

GC Heap History (10 events):
Event: 6.378 GC heap before
{Heap before GC invocations=7 (full 1):
 PSYoungGen      total 38400K, used 36847K [0x00000000d5f80000, 0x00000000da780000, 0x0000000100000000)
  eden space 33280K, 100% used [0x00000000d5f80000,0x00000000d8000000,0x00000000d8000000)
  from space 5120K, 69% used [0x00000000d8000000,0x00000000d837bd60,0x00000000d8500000)
  to   space 9728K, 0% used [0x00000000d9e00000,0x00000000d9e00000,0x00000000da780000)
 ParOldGen       total 55808K, used 7113K [0x0000000081e00000, 0x0000000085480000, 0x00000000d5f80000)
  object space 55808K, 12% used [0x0000000081e00000,0x00000000824f2680,0x0000000085480000)
 Metaspace       used 26531K, capacity 27450K, committed 27776K, reserved 1073152K
  class space    used 3122K, capacity 3373K, committed 3456K, reserved 1048576K
Event: 6.388 GC heap after
Heap after GC invocations=7 (full 1):
 PSYoungGen      total 61952K, used 5027K [0x00000000d5f80000, 0x00000000da600000, 0x0000000100000000)
  eden space 53760K, 0% used [0x00000000d5f80000,0x00000000d5f80000,0x00000000d9400000)
  from space 8192K, 61% used [0x00000000d9e00000,0x00000000da2e8e78,0x00000000da600000)
  to   space 9216K, 0% used [0x00000000d9400000,0x00000000d9400000,0x00000000d9d00000)
 ParOldGen       total 55808K, used 7121K [0x0000000081e00000, 0x0000000085480000, 0x00000000d5f80000)
  object space 55808K, 12% used [0x0000000081e00000,0x00000000824f4680,0x0000000085480000)
 Metaspace       used 26531K, capacity 27450K, committed 27776K, reserved 1073152K
  class space    used 3122K, capacity 3373K, committed 3456K, reserved 1048576K
}
Event: 18.995 GC heap before
{Heap before GC invocations=8 (full 1):
 PSYoungGen      total 61952K, used 58787K [0x00000000d5f80000, 0x00000000da600000, 0x0000000100000000)
  eden space 53760K, 100% used [0x00000000d5f80000,0x00000000d9400000,0x00000000d9400000)
  from space 8192K, 61% used [0x00000000d9e00000,0x00000000da2e8e78,0x00000000da600000)
  to   space 9216K, 0% used [0x00000000d9400000,0x00000000d9400000,0x00000000d9d00000)
 ParOldGen       total 55808K, used 7121K [0x0000000081e00000, 0x0000000085480000, 0x00000000d5f80000)
  object space 55808K, 12% used [0x0000000081e00000,0x00000000824f4680,0x0000000085480000)
 Metaspace       used 32357K, capacity 33624K, committed 33920K, reserved 1079296K
  class space    used 3890K, capacity 4180K, committed 4224K, reserved 1048576K
Event: 19.020 GC heap after
Heap after GC invocations=8 (full 1):
 PSYoungGen      total 62976K, used 9187K [0x00000000d5f80000, 0x00000000da600000, 0x0000000100000000)
  eden space 53760K, 0% used [0x00000000d5f80000,0x00000000d5f80000,0x00000000d9400000)
  from space 9216K, 99% used [0x00000000d9400000,0x00000000d9cf8d90,0x00000000d9d00000)
  to   space 8192K, 0% used [0x00000000d9e00000,0x00000000d9e00000,0x00000000da600000)
 ParOldGen       total 55808K, used 7164K [0x0000000081e00000, 0x0000000085480000, 0x00000000d5f80000)
  object space 55808K, 12% used [0x0000000081e00000,0x00000000824ff2b8,0x0000000085480000)
 Metaspace       used 32357K, capacity 33624K, committed 33920K, reserved 1079296K
  class space    used 3890K, capacity 4180K, committed 4224K, reserved 1048576K
}
Event: 20.476 GC heap before
{Heap before GC invocations=9 (full 1):
 PSYoungGen      total 62976K, used 27594K [0x00000000d5f80000, 0x00000000da600000, 0x0000000100000000)
  eden space 53760K, 34% used [0x00000000d5f80000,0x00000000d7179e68,0x00000000d9400000)
  from space 9216K, 99% used [0x00000000d9400000,0x00000000d9cf8d90,0x00000000d9d00000)
  to   space 8192K, 0% used [0x00000000d9e00000,0x00000000d9e00000,0x00000000da600000)
 ParOldGen       total 55808K, used 7164K [0x0000000081e00000, 0x0000000085480000, 0x00000000d5f80000)
  object space 55808K, 12% used [0x0000000081e00000,0x00000000824ff2b8,0x0000000085480000)
 Metaspace       used 33932K, capacity 35196K, committed 35416K, reserved 1081344K
  class space    used 4086K, capacity 4378K, committed 4480K, reserved 1048576K
Event: 20.488 GC heap after
Heap after GC invocations=9 (full 1):
 PSYoungGen      total 61952K, used 7746K [0x00000000d5f80000, 0x00000000da600000, 0x0000000100000000)
  eden space 53760K, 0% used [0x00000000d5f80000,0x00000000d5f80000,0x00000000d9400000)
  from space 8192K, 94% used [0x00000000d9e00000,0x00000000da590b90,0x00000000da600000)
  to   space 9216K, 0% used [0x00000000d9400000,0x00000000d9400000,0x00000000d9d00000)
 ParOldGen       total 55808K, used 7172K [0x0000000081e00000, 0x0000000085480000, 0x00000000d5f80000)
  object space 55808K, 12% used [0x0000000081e00000,0x00000000825012b8,0x0000000085480000)
 Metaspace       used 33932K, capacity 35196K, committed 35416K, reserved 1081344K
  class space    used 4086K, capacity 4378K, committed 4480K, reserved 1048576K
}
Event: 20.488 GC heap before
{Heap before GC invocations=10 (full 2):
 PSYoungGen      total 61952K, used 7746K [0x00000000d5f80000, 0x00000000da600000, 0x0000000100000000)
  eden space 53760K, 0% used [0x00000000d5f80000,0x00000000d5f80000,0x00000000d9400000)
  from space 8192K, 94% used [0x00000000d9e00000,0x00000000da590b90,0x00000000da600000)
  to   space 9216K, 0% used [0x00000000d9400000,0x00000000d9400000,0x00000000d9d00000)
 ParOldGen       total 55808K, used 7172K [0x0000000081e00000, 0x0000000085480000, 0x00000000d5f80000)
  object space 55808K, 12% used [0x0000000081e00000,0x00000000825012b8,0x0000000085480000)
 Metaspace       used 33932K, capacity 35196K, committed 35416K, reserved 1081344K
  class space    used 4086K, capacity 4378K, committed 4480K, reserved 1048576K
Event: 20.573 GC heap after
Heap after GC invocations=10 (full 2):
 PSYoungGen      total 61952K, used 0K [0x00000000d5f80000, 0x00000000da600000, 0x0000000100000000)
  eden space 53760K, 0% used [0x00000000d5f80000,0x00000000d5f80000,0x00000000d9400000)
  from space 8192K, 0% used [0x00000000d9e00000,0x00000000d9e00000,0x00000000da600000)
  to   space 9216K, 0% used [0x00000000d9400000,0x00000000d9400000,0x00000000d9d00000)
 ParOldGen       total 55808K, used 12717K [0x0000000081e00000, 0x0000000085480000, 0x00000000d5f80000)
  object space 55808K, 22% used [0x0000000081e00000,0x0000000082a6b730,0x0000000085480000)
 Metaspace       used 33932K, capacity 35196K, committed 35416K, reserved 1081344K
  class space    used 4086K, capacity 4378K, committed 4480K, reserved 1048576K
}
Event: 24.812 GC heap before
{Heap before GC invocations=11 (full 2):
 PSYoungGen      total 61952K, used 53760K [0x00000000d5f80000, 0x00000000da600000, 0x0000000100000000)
  eden space 53760K, 100% used [0x00000000d5f80000,0x00000000d9400000,0x00000000d9400000)
  from space 8192K, 0% used [0x00000000d9e00000,0x00000000d9e00000,0x00000000da600000)
  to   space 9216K, 0% used [0x00000000d9400000,0x00000000d9400000,0x00000000d9d00000)
 ParOldGen       total 55808K, used 12717K [0x0000000081e00000, 0x0000000085480000, 0x00000000d5f80000)
  object space 55808K, 22% used [0x0000000081e00000,0x0000000082a6b730,0x0000000085480000)
 Metaspace       used 34845K, capacity 36198K, committed 36568K, reserved 1081344K
  class space    used 4197K, capacity 4509K, committed 4608K, reserved 1048576K
Event: 24.815 GC heap after
Heap after GC invocations=11 (full 2):
 PSYoungGen      total 62976K, used 1745K [0x00000000d5f80000, 0x00000000dba80000, 0x0000000100000000)
  eden space 53760K, 0% used [0x00000000d5f80000,0x00000000d5f80000,0x00000000d9400000)
  from space 9216K, 18% used [0x00000000d9400000,0x00000000d95b4490,0x00000000d9d00000)
  to   space 11264K, 0% used [0x00000000daf80000,0x00000000daf80000,0x00000000dba80000)
 ParOldGen       total 55808K, used 12725K [0x0000000081e00000, 0x0000000085480000, 0x00000000d5f80000)
  object space 55808K, 22% used [0x0000000081e00000,0x0000000082a6d730,0x0000000085480000)
 Metaspace       used 34845K, capacity 36198K, committed 36568K, reserved 1081344K
  class space    used 4197K, capacity 4509K, committed 4608K, reserved 1048576K
}

Deoptimization events (10 events):
Event: 24.154 Thread 0x000000001b014000 Uncommon trap: reason=class_check action=maybe_recompile pc=0x00000000038dd0d8 method=java.lang.AbstractStringBuilder.append(Ljava/lang/CharSequence;II)Ljava/lang/AbstractStringBuilder; @ 18
Event: 24.154 Thread 0x000000001b014000 Uncommon trap: reason=class_check action=maybe_recompile pc=0x0000000003db2a00 method=java.lang.AbstractStringBuilder.append(Ljava/lang/CharSequence;)Ljava/lang/AbstractStringBuilder; @ 26
Event: 24.154 Thread 0x000000001b014000 Uncommon trap: reason=class_check action=maybe_recompile pc=0x00000000038dd0d8 method=java.lang.AbstractStringBuilder.append(Ljava/lang/CharSequence;II)Ljava/lang/AbstractStringBuilder; @ 18
Event: 24.190 Thread 0x000000001b014000 Uncommon trap: reason=unstable_if action=reinterpret pc=0x0000000003878618 method=java.lang.Character.isHighSurrogate(C)Z @ 3
Event: 24.191 Thread 0x000000001b014000 Uncommon trap: reason=unstable_if action=reinterpret pc=0x0000000003877ea8 method=java.lang.Character.isHighSurrogate(C)Z @ 3
Event: 24.191 Thread 0x000000001b014000 Uncommon trap: reason=unstable_if action=reinterpret pc=0x000000000341db18 method=sun.nio.cs.UTF_8$Encoder.encode([CII[B)I @ 33
Event: 24.366 Thread 0x000000001b014000 Uncommon trap: reason=class_check action=maybe_recompile pc=0x0000000003db2a00 method=java.lang.AbstractStringBuilder.append(Ljava/lang/CharSequence;)Ljava/lang/AbstractStringBuilder; @ 26
Event: 24.366 Thread 0x000000001b014000 Uncommon trap: reason=class_check action=maybe_recompile pc=0x00000000038dd0d8 method=java.lang.AbstractStringBuilder.append(Ljava/lang/CharSequence;II)Ljava/lang/AbstractStringBuilder; @ 18
Event: 25.614 Thread 0x000000001b014000 Uncommon trap: reason=class_check action=maybe_recompile pc=0x0000000003db2a00 method=java.lang.AbstractStringBuilder.append(Ljava/lang/CharSequence;)Ljava/lang/AbstractStringBuilder; @ 26
Event: 25.614 Thread 0x000000001b014000 Uncommon trap: reason=class_check action=maybe_recompile pc=0x00000000038dd0d8 method=java.lang.AbstractStringBuilder.append(Ljava/lang/CharSequence;II)Ljava/lang/AbstractStringBuilder; @ 18

Classes redefined (0 events):
No events

Internal exceptions (10 events):
Event: 25.385 Thread 0x000000001b014000 Exception <a 'java/net/SocketTimeoutException': Read timed out> (0x00000000d6b9dd00) thrown at [C:\re\workspace\8-2-build-windows-amd64-cygwin\jdk8u202\12323\hotspot\src\share\vm\prims\jni.cpp, line 736]
Event: 25.539 Thread 0x000000001b014000 Exception <a 'java/net/SocketTimeoutException': Read timed out> (0x00000000d6bb07d8) thrown at [C:\re\workspace\8-2-build-windows-amd64-cygwin\jdk8u202\12323\hotspot\src\share\vm\prims\jni.cpp, line 736]
Event: 25.587 Thread 0x000000001b014000 Exception <a 'java/net/SocketTimeoutException': Read timed out> (0x00000000d6bd1e88) thrown at [C:\re\workspace\8-2-build-windows-amd64-cygwin\jdk8u202\12323\hotspot\src\share\vm\prims\jni.cpp, line 736]
Event: 25.617 Thread 0x000000001b014000 Exception <a 'java/net/SocketTimeoutException': Read timed out> (0x00000000d6be4a58) thrown at [C:\re\workspace\8-2-build-windows-amd64-cygwin\jdk8u202\12323\hotspot\src\share\vm\prims\jni.cpp, line 736]
Event: 25.647 Thread 0x000000001b014000 Exception <a 'java/net/SocketTimeoutException': Read timed out> (0x00000000d6c02280) thrown at [C:\re\workspace\8-2-build-windows-amd64-cygwin\jdk8u202\12323\hotspot\src\share\vm\prims\jni.cpp, line 736]
Event: 25.832 Thread 0x000000001b014000 Exception <a 'java/net/SocketTimeoutException': Read timed out> (0x00000000d6c14e78) thrown at [C:\re\workspace\8-2-build-windows-amd64-cygwin\jdk8u202\12323\hotspot\src\share\vm\prims\jni.cpp, line 736]
Event: 25.863 Thread 0x000000001b014000 Exception <a 'java/net/SocketTimeoutException': Read timed out> (0x00000000d6c31ed0) thrown at [C:\re\workspace\8-2-build-windows-amd64-cygwin\jdk8u202\12323\hotspot\src\share\vm\prims\jni.cpp, line 736]
Event: 25.956 Thread 0x000000001b014000 Exception <a 'java/net/SocketTimeoutException': Read timed out> (0x00000000d6c44ac8) thrown at [C:\re\workspace\8-2-build-windows-amd64-cygwin\jdk8u202\12323\hotspot\src\share\vm\prims\jni.cpp, line 736]
Event: 26.017 Thread 0x000000001b014000 Exception <a 'java/net/SocketTimeoutException': Read timed out> (0x00000000d6c64380) thrown at [C:\re\workspace\8-2-build-windows-amd64-cygwin\jdk8u202\12323\hotspot\src\share\vm\prims\jni.cpp, line 736]
Event: 26.248 Thread 0x000000001b014000 Exception <a 'java/net/SocketTimeoutException': Read timed out> (0x00000000d6c84348) thrown at [C:\re\workspace\8-2-build-windows-amd64-cygwin\jdk8u202\12323\hotspot\src\share\vm\prims\jni.cpp, line 736]

Events (10 events):
Event: 25.186 Thread 0x000000001b014000 DEOPT PACKING pc=0x00000000034ae728 sp=0x000000001c28c3f0
Event: 25.186 Thread 0x000000001b014000 DEOPT UNPACKING pc=0x0000000003337890 sp=0x000000001c28c120 mode 0
Event: 25.614 Thread 0x000000001b014000 Uncommon trap: trap_request=0xffffffde fr.pc=0x0000000003db2a00
Event: 25.614 Thread 0x000000001b014000 DEOPT PACKING pc=0x0000000003db2a00 sp=0x000000001c28d480
Event: 25.614 Thread 0x000000001b014000 DEOPT UNPACKING pc=0x000000000333583b sp=0x000000001c28d488 mode 2
Event: 25.614 Thread 0x000000001b014000 Uncommon trap: trap_request=0xffffffde fr.pc=0x00000000038dd0d8
Event: 25.614 Thread 0x000000001b014000 DEOPT PACKING pc=0x00000000038dd0d8 sp=0x000000001c28d320
Event: 25.614 Thread 0x000000001b014000 DEOPT UNPACKING pc=0x000000000333583b sp=0x000000001c28d308 mode 2
Event: 26.301 Thread 0x000000001b014000 DEOPT PACKING pc=0x00000000034ae728 sp=0x000000001c28c550
Event: 26.301 Thread 0x000000001b014000 DEOPT UNPACKING pc=0x0000000003337890 sp=0x000000001c28c280 mode 0


Dynamic libraries:
0x00007ff76c670000 - 0x00007ff76c6a7000 	C:\Program Files\Java\jdk1.8.0_202\bin\java.exe
0x00007ffafa3b0000 - 0x00007ffafa5a8000 	C:\Windows\SYSTEM32\ntdll.dll
0x00007ffacbe80000 - 0x00007ffacbe9a000 	C:\Program Files\AVG\Antivirus\aswhook.dll
0x00007ffaf9590000 - 0x00007ffaf9652000 	C:\Windows\System32\KERNEL32.DLL
0x00007ffaf7b90000 - 0x00007ffaf7e8e000 	C:\Windows\System32\KERNELBASE.dll
0x00007ffaf8930000 - 0x00007ffaf89e1000 	C:\Windows\System32\ADVAPI32.dll
0x00007ffaf9780000 - 0x00007ffaf981e000 	C:\Windows\System32\msvcrt.dll
0x00007ffaf9660000 - 0x00007ffaf96ff000 	C:\Windows\System32\sechost.dll
0x00007ffaf8d70000 - 0x00007ffaf8e93000 	C:\Windows\System32\RPCRT4.dll
0x00007ffaf7f90000 - 0x00007ffaf7fb7000 	C:\Windows\System32\bcrypt.dll
0x00007ffaf99f0000 - 0x00007ffaf9b8d000 	C:\Windows\System32\USER32.dll
0x00007ffaf80b0000 - 0x00007ffaf80d2000 	C:\Windows\System32\win32u.dll
0x00007ffaf8900000 - 0x00007ffaf892b000 	C:\Windows\System32\GDI32.dll
0x00007ffaf80e0000 - 0x00007ffaf81f7000 	C:\Windows\System32\gdi32full.dll
0x00007ffaf7fc0000 - 0x00007ffaf805d000 	C:\Windows\System32\msvcp_win.dll
0x00007ffaf7e90000 - 0x00007ffaf7f90000 	C:\Windows\System32\ucrtbase.dll
0x00007ffae4e60000 - 0x00007ffae50fa000 	C:\Windows\WinSxS\amd64_microsoft.windows.common-controls_6595b64144ccf1df_6.0.19041.4355_none_60b8b9eb71f62e16\COMCTL32.dll
0x00007ffaf9560000 - 0x00007ffaf958f000 	C:\Windows\System32\IMM32.DLL
0x0000000054680000 - 0x0000000054752000 	C:\Program Files\Java\jdk1.8.0_202\jre\bin\msvcr100.dll
0x0000000050cb0000 - 0x0000000051555000 	C:\Program Files\Java\jdk1.8.0_202\jre\bin\server\jvm.dll
0x00007ffaf8f30000 - 0x00007ffaf8f38000 	C:\Windows\System32\PSAPI.DLL
0x00007ffae4700000 - 0x00007ffae4709000 	C:\Windows\SYSTEM32\WSOCK32.dll
0x00007ffafa300000 - 0x00007ffafa36b000 	C:\Windows\System32\WS2_32.dll
0x00007ffad0310000 - 0x00007ffad0337000 	C:\Windows\SYSTEM32\WINMM.dll
0x00007ffaefc40000 - 0x00007ffaefc4a000 	C:\Windows\SYSTEM32\VERSION.dll
0x00007ffaf3300000 - 0x00007ffaf330f000 	C:\Program Files\Java\jdk1.8.0_202\jre\bin\verify.dll
0x00007ffae6370000 - 0x00007ffae6399000 	C:\Program Files\Java\jdk1.8.0_202\jre\bin\java.dll
0x00007ffae1300000 - 0x00007ffae1323000 	C:\Program Files\Java\jdk1.8.0_202\jre\bin\instrument.dll
0x00007ffaf19e0000 - 0x00007ffaf19f6000 	C:\Program Files\Java\jdk1.8.0_202\jre\bin\zip.dll
0x00007ffaf9b90000 - 0x00007ffafa2fd000 	C:\Windows\System32\SHELL32.dll
0x00007ffaf5ad0000 - 0x00007ffaf6274000 	C:\Windows\SYSTEM32\windows.storage.dll
0x00007ffaf83d0000 - 0x00007ffaf8723000 	C:\Windows\System32\combase.dll
0x00007ffaf7410000 - 0x00007ffaf743e000 	C:\Windows\SYSTEM32\Wldp.dll
0x00007ffaf8bc0000 - 0x00007ffaf8c8d000 	C:\Windows\System32\OLEAUT32.dll
0x00007ffaf9820000 - 0x00007ffaf98cd000 	C:\Windows\System32\SHCORE.dll
0x00007ffaf94f0000 - 0x00007ffaf9545000 	C:\Windows\System32\shlwapi.dll
0x00007ffaf7980000 - 0x00007ffaf79a4000 	C:\Windows\SYSTEM32\profapi.dll
0x00007ffae6a40000 - 0x00007ffae6a5a000 	C:\Program Files\JetBrains\IntelliJ IDEA Community Edition 2024.2.1\bin\breakgen64.dll
0x00007ffae6940000 - 0x00007ffae695a000 	C:\Program Files\Java\jdk1.8.0_202\jre\bin\net.dll
0x00007ffae6b30000 - 0x00007ffae6d1c000 	C:\Windows\SYSTEM32\urlmon.dll
0x00007ffae6ef0000 - 0x00007ffae71ae000 	C:\Windows\SYSTEM32\iertutil.dll
0x00007ffae6ec0000 - 0x00007ffae6ee8000 	C:\Windows\SYSTEM32\srvcli.dll
0x00007ffaf6f50000 - 0x00007ffaf6f5c000 	C:\Windows\SYSTEM32\netutils.dll
0x00007ffaf7110000 - 0x00007ffaf717a000 	C:\Windows\system32\mswsock.dll
0x00007ffadcf60000 - 0x00007ffadcf84000 	C:\Program Files\Java\jdk1.8.0_202\jre\bin\sunec.dll
0x00007ffaf6df0000 - 0x00007ffaf6e2b000 	C:\Windows\SYSTEM32\IPHLPAPI.DLL
0x00007ffaf9550000 - 0x00007ffaf9558000 	C:\Windows\System32\NSI.dll
0x00007ffaef070000 - 0x00007ffaef087000 	C:\Windows\SYSTEM32\dhcpcsvc6.DLL
0x00007ffaef870000 - 0x00007ffaef88d000 	C:\Windows\SYSTEM32\dhcpcsvc.DLL
0x00007ffaf6e30000 - 0x00007ffaf6efa000 	C:\Windows\SYSTEM32\DNSAPI.dll
0x00007ffadd160000 - 0x00007ffadd172000 	C:\Program Files\Java\jdk1.8.0_202\jre\bin\nio.dll
0x00007ffaf7310000 - 0x00007ffaf7328000 	C:\Windows\SYSTEM32\CRYPTSP.dll
0x00007ffaf6a30000 - 0x00007ffaf6a64000 	C:\Windows\system32\rsaenh.dll
0x00007ffaf7940000 - 0x00007ffaf796e000 	C:\Windows\SYSTEM32\USERENV.dll
0x00007ffaf7a50000 - 0x00007ffaf7ad2000 	C:\Windows\System32\bcryptprimitives.dll
0x00007ffaf7300000 - 0x00007ffaf730c000 	C:\Windows\SYSTEM32\CRYPTBASE.dll
0x00007ffae0a40000 - 0x00007ffae0a4b000 	C:\Program Files\Java\jdk1.8.0_202\jre\bin\sunmscapi.dll
0x00007ffaf8270000 - 0x00007ffaf83cc000 	C:\Windows\System32\CRYPT32.dll
0x00007ffae5830000 - 0x00007ffae583a000 	C:\Windows\System32\rasadhlp.dll
0x00007ffae58f0000 - 0x00007ffae5970000 	C:\Windows\System32\fwpuclnt.dll
0x00007ffacfb10000 - 0x00007ffacfb27000 	C:\Windows\system32\napinsp.dll
0x00007ffacfba0000 - 0x00007ffacfbbb000 	C:\Windows\system32\pnrpnsp.dll
0x00007ffaf2330000 - 0x00007ffaf2345000 	C:\Windows\system32\wshbth.dll
0x00007ffaf31d0000 - 0x00007ffaf31ed000 	C:\Windows\system32\NLAapi.dll
0x00007ffacfbc0000 - 0x00007ffacfbd2000 	C:\Windows\System32\winrnr.dll
0x00007ffae01c0000 - 0x00007ffae01cd000 	C:\Program Files\Java\jdk1.8.0_202\jre\bin\management.dll

VM Arguments:
jvm_args: -ea -javaagent:C:\Users\Lenovo\.m2\repository/org/aspectj/aspectjweaver/1.8.10/aspectjweaver-1.8.10.jar -Dcucumber.options=--plugin io.qameta.allure.cucumber6Jvm.AllureCucumber6Jvm -Didea.test.cyclic.buffer.size=1048576 -javaagent:C:\Program Files\JetBrains\IntelliJ IDEA Community Edition 2024.2.1\lib\idea_rt.jar=64993:C:\Program Files\JetBrains\IntelliJ IDEA Community Edition 2024.2.1\bin -Dfile.encoding=UTF-8 
java_command: com.intellij.rt.testng.RemoteTestNGStarter -usedefaultlisteners false -socket64992 @w@C:\Users\Lenovo\AppData\Local\Temp\idea_working_dirs_testng.tmp -temp C:\Users\Lenovo\AppData\Local\Temp\idea_testng.tmp
java_class_path (initial): C:\Program Files\JetBrains\IntelliJ IDEA Community Edition 2024.2.1\lib\idea_rt.jar;C:\Program Files\JetBrains\IntelliJ IDEA Community Edition 2024.2.1\plugins\testng\lib\testng-rt.jar;C:\Program Files\Java\jdk1.8.0_202\jre\lib\charsets.jar;C:\Program Files\Java\jdk1.8.0_202\jre\lib\deploy.jar;C:\Program Files\Java\jdk1.8.0_202\jre\lib\ext\access-bridge-64.jar;C:\Program Files\Java\jdk1.8.0_202\jre\lib\ext\cldrdata.jar;C:\Program Files\Java\jdk1.8.0_202\jre\lib\ext\dnsns.jar;C:\Program Files\Java\jdk1.8.0_202\jre\lib\ext\jaccess.jar;C:\Program Files\Java\jdk1.8.0_202\jre\lib\ext\jfxrt.jar;C:\Program Files\Java\jdk1.8.0_202\jre\lib\ext\localedata.jar;C:\Program Files\Java\jdk1.8.0_202\jre\lib\ext\nashorn.jar;C:\Program Files\Java\jdk1.8.0_202\jre\lib\ext\sunec.jar;C:\Program Files\Java\jdk1.8.0_202\jre\lib\ext\sunjce_provider.jar;C:\Program Files\Java\jdk1.8.0_202\jre\lib\ext\sunmscapi.jar;C:\Program Files\Java\jdk1.8.0_202\jre\lib\ext\sunpkcs11.jar;C:\Program Files\Java\jdk1.8.0_202\jre\lib\ext\zipfs.jar;C:\Program Files\Java\jdk1.8.0_202\jre\lib\javaws.jar;C:\Program Files\Java\jdk1.8.0_202\jre\lib\jce.jar;C:\Program Files\Java\jdk1.8.0_202\jre\lib\jfr.jar;C:\Program Files\Java\jdk1.8.0_202\jre\lib\jfxswt.jar;C:\Program Files\Java\jdk1.8.0_202\jre\lib\jsse.jar;C:\Program Files\Java\jdk1.8.0_202\jre\lib\management-agent.jar;C:\Program Files\Java\jdk1.8.0_202\jre\lib\plugin.jar;C:\Program Files\Java\jdk1.8.0_202\jre\lib\resources.jar;C:\Program Files\Java\jdk1.8.0_202\jre\lib\rt.jar;C:\Users\Lenovo\Desktop\QAprojekti\Automation_projekti\gigatron\target\test-classes;C:\Users\Lenovo\Desktop\QAprojekti\Automation_projekti\gigatron\target\classes;C:\Users\Lenovo\.m2\repository\org\seleniumhq\selenium\selenium-java\3.141.59\selenium-java-3.141.59.jar;C:\Users\Lenovo\.m2\repository\org\seleniumhq\selenium\selenium-api\3.141.59\selenium-api-3.141.59.jar;C:\Users\Lenovo\.m2\repository\org\seleniumhq\selenium\selenium-chrome-driver\3.141.59\seleni
Launcher Type: SUN_STANDARD

Environment Variables:
JAVA_HOME=C:\Program Files\Java\jdk-17
PATH=C:\Program Files (x86)\Common Files\Oracle\Java\javapath;C:\Program Files\Common Files\Oracle\Java\javapath;C:\Windows\system32;C:\Windows;C:\Windows\System32\Wbem;C:\Windows\System32\WindowsPowerShell\v1.0\;C:\Windows\System32\OpenSSH\;C:\Program Files\Git\cmd;c:\Program Files (x86)\Intel\Intel(R) Management Engine Components\DAL;c:\Program Files\Intel\Intel(R) Management Engine Components\DAL;C:\Users\Lenovo\AppData\Local\Microsoft\WindowsApps;C:\Program Files\JetBrains\IntelliJ IDEA Community Edition 2022.2.1\bin;;C:\Users\Lenovo\Desktop\QAprojekti\apache-maven-3.8.6\bin;C:\Users\Lenovo\Desktop\QAprojekti\allure-2.13.8\bin;
USERNAME=Lenovo
OS=Windows_NT
PROCESSOR_IDENTIFIER=Intel64 Family 6 Model 78 Stepping 3, GenuineIntel



---------------  S Y S T E M  ---------------

OS: Windows 10.0 , 64 bit Build 19041 (10.0.19041.5198)

CPU:total 4 (initial active 4) (2 cores per cpu, 2 threads per core) family 6 model 78 stepping 3, cmov, cx8, fxsr, mmx, sse, sse2, sse3, ssse3, sse4.1, sse4.2, popcnt, avx, avx2, aes, clmul, erms, rtm, 3dnowpref, lzcnt, ht, tsc, tscinvbit, bmi1, bmi2, adx

Memory: 4k page, physical 8265504k(343164k free), swap 21069852k(4572k free)

vm_info: Java HotSpot(TM) 64-Bit Server VM (25.202-b08) for windows-amd64 JRE (1.8.0_202-b08), built on Dec 15 2018 19:54:30 by "java_re" with MS VC++ 10.0 (VS2010)

time: Thu Jan 16 15:42:49 2025
timezone: Central Europe Standard Time
elapsed time: 26 seconds (0d 0h 0m 26s)

